c:\users\lules\documents\gam695\repos\dx12exp\d3d12raytracing\build_vs16\x64\debug\intermediate\d3d12raytracingminienginesample\vc142.pdb
c:\users\lules\documents\gam695\repos\dx12exp\d3d12raytracing\build_vs16\x64\debug\intermediate\d3d12raytracingminienginesample\modelviewer.obj
c:\users\lules\documents\gam695\repos\dx12exp\d3d12raytracing\build_vs16\x64\debug\intermediate\d3d12raytracingminienginesample\forwardpluslighting.obj
c:\users\lules\documents\gam695\repos\dx12exp\d3d12raytracing\build_vs16\x64\debug\output\d3d12raytracingminienginesample\shaders\diffusehitshaderlib.cso
c:\users\lules\documents\gam695\repos\dx12exp\d3d12raytracing\build_vs16\x64\debug\output\d3d12raytracingminienginesample\compiledshaders\diffusehitshaderlib.h
c:\users\lules\documents\gam695\repos\dx12exp\d3d12raytracing\build_vs16\x64\debug\output\d3d12raytracingminienginesample\shaders\hitshaderlib.cso
c:\users\lules\documents\gam695\repos\dx12exp\d3d12raytracing\build_vs16\x64\debug\output\d3d12raytracingminienginesample\compiledshaders\hitshaderlib.h
c:\users\lules\documents\gam695\repos\dx12exp\d3d12raytracing\build_vs16\x64\debug\output\d3d12raytracingminienginesample\shaders\missshaderlib.cso
c:\users\lules\documents\gam695\repos\dx12exp\d3d12raytracing\build_vs16\x64\debug\output\d3d12raytracingminienginesample\compiledshaders\missshaderlib.h
c:\users\lules\documents\gam695\repos\dx12exp\d3d12raytracing\build_vs16\x64\debug\output\d3d12raytracingminienginesample\shaders\missshadowslib.cso
c:\users\lules\documents\gam695\repos\dx12exp\d3d12raytracing\build_vs16\x64\debug\output\d3d12raytracingminienginesample\compiledshaders\missshadowslib.h
c:\users\lules\documents\gam695\repos\dx12exp\d3d12raytracing\build_vs16\x64\debug\output\d3d12raytracingminienginesample\shaders\raygenerationshaderlib.cso
c:\users\lules\documents\gam695\repos\dx12exp\d3d12raytracing\build_vs16\x64\debug\output\d3d12raytracingminienginesample\compiledshaders\raygenerationshaderlib.h
c:\users\lules\documents\gam695\repos\dx12exp\d3d12raytracing\build_vs16\x64\debug\output\d3d12raytracingminienginesample\shaders\raygenerationshaderssrlib.cso
c:\users\lules\documents\gam695\repos\dx12exp\d3d12raytracing\build_vs16\x64\debug\output\d3d12raytracingminienginesample\compiledshaders\raygenerationshaderssrlib.h
c:\users\lules\documents\gam695\repos\dx12exp\d3d12raytracing\build_vs16\x64\debug\output\d3d12raytracingminienginesample\shaders\raygenerationshadowslib.cso
c:\users\lules\documents\gam695\repos\dx12exp\d3d12raytracing\build_vs16\x64\debug\output\d3d12raytracingminienginesample\compiledshaders\raygenerationshadowslib.h
c:\users\lules\documents\gam695\repos\dx12exp\d3d12raytracing\build_vs16\x64\debug\output\d3d12raytracingminienginesample\compiledshaders\depthviewerps.h
c:\users\lules\documents\gam695\repos\dx12exp\d3d12raytracing\build_vs16\x64\debug\output\d3d12raytracingminienginesample\shaders\depthviewerps.cso
c:\users\lules\documents\gam695\repos\dx12exp\d3d12raytracing\build_vs16\x64\debug\output\d3d12raytracingminienginesample\compiledshaders\depthviewervs.h
c:\users\lules\documents\gam695\repos\dx12exp\d3d12raytracing\build_vs16\x64\debug\output\d3d12raytracingminienginesample\shaders\depthviewervs.cso
c:\users\lules\documents\gam695\repos\dx12exp\d3d12raytracing\build_vs16\x64\debug\output\d3d12raytracingminienginesample\compiledshaders\filllightgridcs_16.h
c:\users\lules\documents\gam695\repos\dx12exp\d3d12raytracing\build_vs16\x64\debug\output\d3d12raytracingminienginesample\shaders\filllightgridcs_16.cso
c:\users\lules\documents\gam695\repos\dx12exp\d3d12raytracing\build_vs16\x64\debug\output\d3d12raytracingminienginesample\compiledshaders\filllightgridcs_24.h
c:\users\lules\documents\gam695\repos\dx12exp\d3d12raytracing\build_vs16\x64\debug\output\d3d12raytracingminienginesample\shaders\filllightgridcs_24.cso
c:\users\lules\documents\gam695\repos\dx12exp\d3d12raytracing\build_vs16\x64\debug\output\d3d12raytracingminienginesample\compiledshaders\filllightgridcs_32.h
c:\users\lules\documents\gam695\repos\dx12exp\d3d12raytracing\build_vs16\x64\debug\output\d3d12raytracingminienginesample\shaders\filllightgridcs_32.cso
c:\users\lules\documents\gam695\repos\dx12exp\d3d12raytracing\build_vs16\x64\debug\output\d3d12raytracingminienginesample\compiledshaders\filllightgridcs_8.h
c:\users\lules\documents\gam695\repos\dx12exp\d3d12raytracing\build_vs16\x64\debug\output\d3d12raytracingminienginesample\shaders\filllightgridcs_8.cso
c:\users\lules\documents\gam695\repos\dx12exp\d3d12raytracing\build_vs16\x64\debug\output\d3d12raytracingminienginesample\compiledshaders\modelviewerps.h
c:\users\lules\documents\gam695\repos\dx12exp\d3d12raytracing\build_vs16\x64\debug\output\d3d12raytracingminienginesample\shaders\modelviewerps.cso
c:\users\lules\documents\gam695\repos\dx12exp\d3d12raytracing\build_vs16\x64\debug\output\d3d12raytracingminienginesample\compiledshaders\modelviewervs.h
c:\users\lules\documents\gam695\repos\dx12exp\d3d12raytracing\build_vs16\x64\debug\output\d3d12raytracingminienginesample\shaders\modelviewervs.cso
c:\users\lules\documents\gam695\repos\dx12exp\d3d12raytracing\build_vs16\x64\debug\output\d3d12raytracingminienginesample\compiledshaders\wavetilecountps.h
c:\users\lules\documents\gam695\repos\dx12exp\d3d12raytracing\build_vs16\x64\debug\output\d3d12raytracingminienginesample\shaders\wavetilecountps.cso
c:\users\lules\documents\gam695\repos\dx12exp\d3d12raytracing\src\..\build_vs16\x64\debug\output\d3d12raytracingminienginesample\d3d12raytracingminienginesample.pdb
c:\users\lules\documents\gam695\repos\dx12exp\d3d12raytracing\build_vs16\x64\debug\intermediate\d3d12raytracingminienginesample\d3d12ray.315a1e1b.tlog\cl.command.1.tlog
c:\users\lules\documents\gam695\repos\dx12exp\d3d12raytracing\build_vs16\x64\debug\intermediate\d3d12raytracingminienginesample\d3d12ray.315a1e1b.tlog\cl.read.1.tlog
c:\users\lules\documents\gam695\repos\dx12exp\d3d12raytracing\build_vs16\x64\debug\intermediate\d3d12raytracingminienginesample\d3d12ray.315a1e1b.tlog\cl.write.1.tlog
c:\users\lules\documents\gam695\repos\dx12exp\d3d12raytracing\build_vs16\x64\debug\intermediate\d3d12raytracingminienginesample\d3d12ray.315a1e1b.tlog\dxc.command.1.tlog
c:\users\lules\documents\gam695\repos\dx12exp\d3d12raytracing\build_vs16\x64\debug\intermediate\d3d12raytracingminienginesample\d3d12ray.315a1e1b.tlog\dxc.read.1.tlog
c:\users\lules\documents\gam695\repos\dx12exp\d3d12raytracing\build_vs16\x64\debug\intermediate\d3d12raytracingminienginesample\d3d12ray.315a1e1b.tlog\dxc.write.1.tlog
c:\users\lules\documents\gam695\repos\dx12exp\d3d12raytracing\build_vs16\x64\debug\intermediate\d3d12raytracingminienginesample\d3d12ray.315a1e1b.tlog\fxc.command.1.tlog
c:\users\lules\documents\gam695\repos\dx12exp\d3d12raytracing\build_vs16\x64\debug\intermediate\d3d12raytracingminienginesample\d3d12ray.315a1e1b.tlog\fxc.read.1.tlog
c:\users\lules\documents\gam695\repos\dx12exp\d3d12raytracing\build_vs16\x64\debug\intermediate\d3d12raytracingminienginesample\d3d12ray.315a1e1b.tlog\fxc.write.1.tlog
c:\users\lules\documents\gam695\repos\dx12exp\d3d12raytracing\build_vs16\x64\debug\intermediate\d3d12raytracingminienginesample\d3d12ray.315a1e1b.tlog\link-cvtres.read.1.tlog
c:\users\lules\documents\gam695\repos\dx12exp\d3d12raytracing\build_vs16\x64\debug\intermediate\d3d12raytracingminienginesample\d3d12ray.315a1e1b.tlog\link-cvtres.write.1.tlog
c:\users\lules\documents\gam695\repos\dx12exp\d3d12raytracing\build_vs16\x64\debug\intermediate\d3d12raytracingminienginesample\d3d12ray.315a1e1b.tlog\link-rc.read.1.tlog
c:\users\lules\documents\gam695\repos\dx12exp\d3d12raytracing\build_vs16\x64\debug\intermediate\d3d12raytracingminienginesample\d3d12ray.315a1e1b.tlog\link-rc.write.1.tlog
c:\users\lules\documents\gam695\repos\dx12exp\d3d12raytracing\build_vs16\x64\debug\intermediate\d3d12raytracingminienginesample\d3d12ray.315a1e1b.tlog\link.command.1.tlog
c:\users\lules\documents\gam695\repos\dx12exp\d3d12raytracing\build_vs16\x64\debug\intermediate\d3d12raytracingminienginesample\d3d12ray.315a1e1b.tlog\link.read.1.tlog
c:\users\lules\documents\gam695\repos\dx12exp\d3d12raytracing\build_vs16\x64\debug\intermediate\d3d12raytracingminienginesample\d3d12ray.315a1e1b.tlog\link.write.1.tlog
